1.48418
0.664717
0.435833
0.299777
0.211697
0.157954
0.124458
0.102194
0.0864561
0.0747727
0.0657643
0.05861
0.0527935
0.0479742
0.0439184
0.0404601
0.0374785
0.034883
0.0326046
0.0305897
0.0287962
0.0271903
0.0257446
0.024437
0.023249
0.0221653
0.0211731
0.0202616
0.0194214
0.0186449
0.017925
0.0172561
0.016633
0.0160513
0.0155071
0.0149968
0.0145177
0.0140668
0.0136419
0.0132408
0.0128616
0.0125026
0.0121623
0.0118392
0.0115322
0.01124
0.0109617
0.0106963
0.0104429
0.0102008
0.00996923
0.00974752
0.00953508
0.00933136
0.00913582
0.00894801
0.00876748
0.00859382
0.00842665
0.00826563
0.00811042
0.00796072
0.00781625
0.00767675
0.00754196
0.00741166
0.00728563
0.00716367
0.00704558
0.00693119
0.00682032
0.00671283
0.00660856
0.00650737
0.00640913
0.00631371
0.006221
0.00613089
0.00604326
0.00595802
0.00587507
0.00579433
0.00571571
0.00563912
0.0055645
0.00549176
0.00542084
0.00535167
0.00528419
0.00521833
0.00515405
0.00509129
0.00502998
0.0049701
0.00491157
0.00485437
0.00479845
0.00474376
0.00469027
0.00463793
0.00458672
0.00453659
0.00448751
0.00443945
0.00439238
0.00434627
0.00430109
0.00425681
0.00421341
0.00417086
0.00412914
0.00408822
0.00404808
0.0040087
0.00397005
0.00393213
0.0038949
0.00385835
0.00382246
0.00378721
0.00375259
0.00371858
0.00368517
0.00365233
0.00362006
0.00358833
0.00355715
0.00352649
0.00349633
0.00346668
0.00343751
0.00340881
0.00338058
0.0033528
0.00332546
0.00329855
0.00327206
0.00324598
0.0032203
0.00319502
0.00317012
0.00314559
0.00312144
0.00309764
0.00307419
0.00305108
0.00302831
0.00300587
0.00298376
0.00296195
0.00294046
0.00291927
0.00289837
0.00287776
0.00285744
0.00283739
0.00281762
0.00279811
0.00277887
0.00275988
0.00274114
0.00272265
0.00270441
0.00268639
0.00266862
0.00265107
0.00263374
0.00261663
0.00259974
0.00258306
0.00256659
0.00255032
0.00253425
0.00251838
0.0025027
0.00248721
0.00247191
0.00245679
0.00244185
0.00242708
0.00241249
0.00239807
0.00238382
0.00236973
0.0023558
0.00234203
0.00232842
0.00231496
0.00230166
0.0022885
0.00227549
0.00226262
0.00224989
0.00223731
0.00222485
0.00221254
0.00220036
0.0021883
0.00217638
0.00216458
0.00215291
0.00214136
0.00212993
0.00211861
0.00210742
0.00209634
0.00208537
0.00207452
0.00206377
0.00205314
0.00204261
0.00203218
0.00202186
0.00201164
0.00200152
0.0019915
0.00198158
0.00197176
0.00196203
0.00195239
0.00194284
0.00193339
0.00192403
0.00191475
0.00190556
0.00189646
0.00188744
0.00187851
0.00186965
0.00186088
0.00185219
0.00184358
0.00183505
0.00182659
0.00181821
0.00180991
0.00180168
0.00179352
0.00178543
0.00177741
0.00176947
0.00176159
0.00175379
0.00174605
0.00173837
0.00173077
0.00172322
0.00171574
0.00170833
0.00170098
0.00169369
0.00168646
0.00167929
0.00167218
0.00166512
0.00165813
0.0016512
0.00164432
0.00163749
0.00163072
0.00162401
0.00161735
0.00161074
0.00160419
0.00159769
0.00159124
0.00158484
0.00157849
0.00157219
0.00156594
0.00155974
0.00155359
0.00154748
0.00154142
0.00153541
0.00152944
0.00152352
0.00151764
0.00151181
0.00150602
0.00150028
0.00149457
0.00148891
0.00148329
0.00147772
0.00147218
0.00146668
0.00146123
0.00145581
0.00145044
0.0014451
0.0014398
0.00143454
0.00142932
0.00142413
0.00141898
0.00141387
0.00140879
0.00140375
0.00139874
