0.000299201
0.000298963
0.000298725
0.000298488
0.000298251
0.000298014
0.000297778
0.000297542
0.000297307
0.000297072
0.000296837
0.000296602
0.000296368
0.000296134
0.000295901
0.000295668
0.000295436
0.000295203
0.000294971
0.00029474
0.000294509
0.000294278
0.000294047
0.000293817
0.000293588
0.000293358
0.000293129
0.0002929
0.000292672
0.000292444
0.000292217
0.000291989
0.000291762
0.000291536
0.00029131
0.000291084
0.000290858
0.000290633
0.000290408
0.000290184
0.000289959
0.000289736
0.000289512
0.000289289
0.000289066
0.000288844
0.000288622
0.0002884
0.000288179
0.000287957
0.000287737
0.000287516
0.000287296
0.000287076
0.000286857
0.000286638
0.000286419
0.000286201
0.000285983
0.000285765
0.000285547
0.00028533
0.000285113
0.000284897
0.000284681
0.000284465
0.000284249
0.000284034
0.000283819
0.000283605
0.000283391
0.000283177
0.000282963
0.00028275
0.000282537
0.000282324
0.000282112
0.0002819
0.000281689
0.000281477
0.000281266
0.000281055
0.000280845
0.000280635
0.000280425
0.000280216
0.000280006
0.000279798
0.000279589
0.000279381
0.000279173
0.000278965
0.000278758
0.000278551
0.000278344
0.000278138
0.000277932
0.000277726
0.00027752
0.000277315
0.00027711
0.000276906
0.000276701
0.000276497
0.000276294
0.00027609
0.000275887
0.000275684
0.000275482
0.000275279
0.000275078
0.000274876
0.000274675
0.000274473
0.000274273
0.000274072
0.000273872
0.000273672
0.000273472
0.000273273
0.000273074
0.000272875
0.000272677
0.000272479
0.000272281
0.000272083
0.000271886
0.000271689
0.000271492
0.000271296
0.000271099
0.000270904
0.000270708
0.000270513
0.000270317
0.000270123
0.000269928
0.000269734
0.00026954
0.000269346
0.000269153
0.00026896
0.000268767
0.000268574
0.000268382
0.00026819
0.000267998
0.000267807
